  OpenCVApplication.cpp
OpenCVApplication.cpp(280): warning C4101: 'fname': unreferenced local variable
OpenCVApplication.cpp(302): warning C4244: 'argument': conversion from 'double' to 'int', possible loss of data
OpenCVApplication.cpp(325): warning C4244: '=': conversion from 'float' to 'uchar', possible loss of data
OpenCVApplication.cpp(327): warning C4244: '=': conversion from 'float' to 'uchar', possible loss of data
OpenCVApplication.cpp(333): warning C4244: '=': conversion from 'float' to 'uchar', possible loss of data
OpenCVApplication.cpp(335): warning C4244: '=': conversion from 'float' to 'uchar', possible loss of data
OpenCVApplication.cpp(337): warning C4244: '=': conversion from 'float' to 'uchar', possible loss of data
OpenCVApplication.cpp(375): warning C4244: 'initializing': conversion from 'double' to 'int', possible loss of data
OpenCVApplication.cpp(385): warning C4244: 'initializing': conversion from 'float' to 'int', possible loss of data
OpenCVApplication.cpp(388): warning C4244: 'initializing': conversion from 'float' to 'int', possible loss of data
OpenCVApplication.cpp(396): warning C4244: 'initializing': conversion from 'float' to 'int', possible loss of data
OpenCVApplication.cpp(402): warning C4244: 'argument': conversion from 'float' to 'const int', possible loss of data
OpenCVApplication.cpp(436): warning C4244: 'return': conversion from 'int' to 'float', possible loss of data
OpenCVApplication.cpp(442): warning C4244: 'initializing': conversion from 'float' to 'int', possible loss of data
OpenCVApplication.cpp(456): warning C4244: 'argument': conversion from 'float' to 'int', possible loss of data
OpenCVApplication.cpp(509): warning C4244: 'initializing': conversion from 'float' to 'int', possible loss of data
OpenCVApplication.cpp(511): warning C4244: 'return': conversion from 'double' to 'float', possible loss of data
OpenCVApplication.cpp(535): warning C4244: 'return': conversion from 'int' to 'float', possible loss of data
OpenCVApplication.cpp(557): warning C4244: 'initializing': conversion from 'int' to 'float', possible loss of data
OpenCVApplication.cpp(558): warning C4244: 'initializing': conversion from 'int' to 'float', possible loss of data
OpenCVApplication.cpp(562): warning C4244: '=': conversion from 'int' to 'float', possible loss of data
OpenCVApplication.cpp(662): warning C4018: '<': signed/unsigned mismatch
OpenCVApplication.cpp(685): warning C4018: '<': signed/unsigned mismatch
OpenCVApplication.cpp(648): warning C4102: 'std': unreferenced label
OpenCVApplication.cpp(746): warning C4018: '<': signed/unsigned mismatch
OpenCVApplication.cpp(752): warning C4018: '<': signed/unsigned mismatch
OpenCVApplication.cpp(761): warning C4018: '<': signed/unsigned mismatch
  Generating code
  3 of 816 functions ( 0.4%) were compiled, the rest were copied from previous compilation.
    1 functions were new in current compilation
    37 functions had inline decision re-evaluated but remain unchanged
  Finished generating code
  OpenCVApplication.vcxproj -> E:\Facultate\PI\OpenCVApplication-VS2013_2413_basic\Release\OpenCVApplication.exe
  OpenCVApplication.vcxproj -> E:\Facultate\PI\OpenCVApplication-VS2013_2413_basic\Release\OpenCVApplication.pdb (Full PDB)
  OpenCV\dll\Release\opencv_calib3d2413.dll
  OpenCV\dll\Release\opencv_contrib2413.dll
  OpenCV\dll\Release\opencv_core2413.dll
  OpenCV\dll\Release\opencv_features2d2413.dll
  OpenCV\dll\Release\opencv_ffmpeg2413.dll
  OpenCV\dll\Release\opencv_flann2413.dll
  OpenCV\dll\Release\opencv_gpu2413.dll
  OpenCV\dll\Release\opencv_highgui2413.dll
  OpenCV\dll\Release\opencv_imgproc2413.dll
  OpenCV\dll\Release\opencv_legacy2413.dll
  OpenCV\dll\Release\opencv_ml2413.dll
  OpenCV\dll\Release\opencv_nonfree2413.dll
  OpenCV\dll\Release\opencv_objdetect2413.dll
  OpenCV\dll\Release\opencv_ocl2413.dll
  OpenCV\dll\Release\opencv_photo2413.dll
  OpenCV\dll\Release\opencv_stitching2413.dll
  OpenCV\dll\Release\opencv_superres2413.dll
  OpenCV\dll\Release\opencv_video2413.dll
  OpenCV\dll\Release\opencv_videostab2413.dll
         19 file(s) copied.
