d:\facultate\pi\opencvapplication-vs2013_2413_basic\release\opencvapplication.pch
d:\facultate\pi\opencvapplication-vs2013_2413_basic\release\vc140.pdb
d:\facultate\pi\opencvapplication-vs2013_2413_basic\release\stdafx.obj
d:\facultate\pi\opencvapplication-vs2013_2413_basic\release\common.obj
d:\facultate\pi\opencvapplication-vs2013_2413_basic\release\opencvapplication.obj
d:\facultate\pi\opencvapplication-vs2013_2413_basic\release\opencvapplication.exe
d:\facultate\pi\opencvapplication-vs2013_2413_basic\release\opencvapplication.ipdb
d:\facultate\pi\opencvapplication-vs2013_2413_basic\release\opencvapplication.iobj
d:\facultate\pi\opencvapplication-vs2013_2413_basic\release\opencvapplication.pdb
e:\facultate\pi\opencvapplication-vs2013_2413_basic\release\common.obj
e:\facultate\pi\opencvapplication-vs2013_2413_basic\release\opencvapplication.obj
e:\facultate\pi\opencvapplication-vs2013_2413_basic\release\stdafx.obj
e:\facultate\pi\opencvapplication-vs2013_2413_basic\release\opencvapplication.ipdb
e:\facultate\pi\opencvapplication-vs2013_2413_basic\release\opencvapplication.iobj
e:\facultate\pi\opencvapplication-vs2013_2413_basic\release\opencvapplication.pch
e:\facultate\pi\opencvapplication-vs2013_2413_basic\release\opencvapplication.pdb
e:\facultate\pi\opencvapplication-vs2013_2413_basic\release\vc140.pdb
e:\facultate\pi\opencvapplication-vs2013_2413_basic\release\opencvapplication.exe
e:\facultate\pi\opencvapplication-vs2013_2413_basic\release\opencvap.32a91de2.tlog\cl.command.1.tlog
e:\facultate\pi\opencvapplication-vs2013_2413_basic\release\opencvap.32a91de2.tlog\cl.read.1.tlog
e:\facultate\pi\opencvapplication-vs2013_2413_basic\release\opencvap.32a91de2.tlog\cl.write.1.tlog
e:\facultate\pi\opencvapplication-vs2013_2413_basic\release\opencvap.32a91de2.tlog\link.command.1.tlog
e:\facultate\pi\opencvapplication-vs2013_2413_basic\release\opencvap.32a91de2.tlog\link.read.1.tlog
e:\facultate\pi\opencvapplication-vs2013_2413_basic\release\opencvap.32a91de2.tlog\link.write.1.tlog
